<?xml version="1.0" encoding="UTF-8"?>
<testsuite name="com.epam.skovalkov.CopierTest" tests="4" skipped="0" failures="0" errors="0" timestamp="2017-01-25T14:52:44" hostname="EPBYMINW2048" time="0.079">
  <properties/>
  <testcase name="copyMatchedFile" classname="com.epam.skovalkov.CopierTest" time="0.031"/>
  <testcase name="copyMatchedFileInSubfolder" classname="com.epam.skovalkov.CopierTest" time="0.021"/>
  <testcase name="copyFile" classname="com.epam.skovalkov.CopierTest" time="0.027"/>
  <testcase name="copyAllFiles" classname="com.epam.skovalkov.CopierTest" time="0.0"/>
  <system-out><![CDATA[]]></system-out>
  <system-err><![CDATA[]]></system-err>
</testsuite>
