<?xml version="1.0" encoding="UTF-8"?>
<testsuite name="com.epam.skovalkov.ArgValidatorImplTest" tests="3" skipped="0" failures="0" errors="0" timestamp="2017-01-24T14:14:05" hostname="EPBYMINW2048" time="0.063">
  <properties/>
  <testcase name="validateEmptyNonMandatoryProperty" classname="com.epam.skovalkov.ArgValidatorImplTest" time="0.059"/>
  <testcase name="validateEmptyMandatoryProperty" classname="com.epam.skovalkov.ArgValidatorImplTest" time="0.004"/>
  <testcase name="validateIncorrectNonMandatoryProperty" classname="com.epam.skovalkov.ArgValidatorImplTest" time="0.0"/>
  <system-out><![CDATA[]]></system-out>
  <system-err><![CDATA[]]></system-err>
</testsuite>
