<?xml version="1.0" encoding="UTF-8"?>
<testsuite name="com.epam.skovalkov.ArgValidatorTest" tests="3" skipped="0" failures="0" errors="0" timestamp="2017-01-25T14:52:44" hostname="EPBYMINW2048" time="0.069">
  <properties/>
  <testcase name="validateNonEmptyNonMandatoryProperty" classname="com.epam.skovalkov.ArgValidatorTest" time="0.068"/>
  <testcase name="validateEmptyNonMandatoryProperty" classname="com.epam.skovalkov.ArgValidatorTest" time="0.0"/>
  <testcase name="validateEmptyMandatoryProperty" classname="com.epam.skovalkov.ArgValidatorTest" time="0.0"/>
  <system-out><![CDATA[11:52:44,312  WARN Test worker com.epam.skovalkov.impl.ArgValidatorImpl:validateNonMandatoryProperties:52 - Non-mandatory param mask is empty
]]></system-out>
  <system-err><![CDATA[]]></system-err>
</testsuite>
